<?xml version="1.0" encoding="UTF-8"?>
<!-- Generated by org.testng.reporters.JUnitXMLReporter -->
<testsuite ignored="0" hostname="DESKTOP-S0P6QUG" failures="0" tests="3" name="Default test" time="0.07" errors="0" timestamp="2021-09-06T14:09:35 IST">
  <testcase classname="com.annotations.Paramet" name="testCase1" time="0.009"/>
  <testcase classname="com.annotations.Paramet" name="testCase1" time="0.003"/>
  <testcase classname="com.annotations.Paramet" name="testCase1" time="0.002"/>
</testsuite> <!-- Default test -->
