<?xml version="1.0" encoding="UTF-8"?>
<testng-results ignored="0" total="0" passed="0" failed="0" skipped="0">
  <reporter-output>
  </reporter-output>
  <suite started-at="2021-08-03T11:34:08 IST" name="EmployeeInformation by packages" finished-at="2021-08-03T11:34:08 IST" duration-ms="15">
    <groups>
    </groups>
    <test started-at="2021-08-03T11:34:08 IST" name="org.sample" finished-at="2021-08-03T11:34:08 IST" duration-ms="15">
    </test> <!-- org.sample -->
  </suite> <!-- EmployeeInformation by packages -->
</testng-results>
