<?xml version="1.0" encoding="UTF-8"?>
<testng-results ignored="0" total="3" passed="3" failed="0" skipped="0">
  <reporter-output>
  </reporter-output>
  <suite started-at="2021-09-06T14:09:35 IST" name="Default suite" finished-at="2021-09-06T14:09:35 IST" duration-ms="70">
    <groups>
    </groups>
    <test started-at="2021-09-06T14:09:35 IST" name="Default test" finished-at="2021-09-06T14:09:35 IST" duration-ms="70">
      <class name="com.annotations.Paramet">
        <test-method signature="testCase1(java.lang.String,java.lang.String)[pri:0, instance:com.annotations.Paramet@47542153]" started-at="2021-09-06T14:09:35 IST" name="testCase1" data-provider="getdata1" finished-at="2021-09-06T14:09:35 IST" duration-ms="9" status="PASS">
          <params>
            <param index="0">
              <value>
                <![CDATA[Name1]]>
              </value>
            </param>
            <param index="1">
              <value>
                <![CDATA[pwd1]]>
              </value>
            </param>
          </params>
          <reporter-output>
          </reporter-output>
        </test-method> <!-- testCase1 -->
        <test-method signature="testCase1(java.lang.String,java.lang.String)[pri:0, instance:com.annotations.Paramet@47542153]" started-at="2021-09-06T14:09:35 IST" name="testCase1" data-provider="getdata1" finished-at="2021-09-06T14:09:35 IST" duration-ms="3" status="PASS">
          <params>
            <param index="0">
              <value>
                <![CDATA[Name2]]>
              </value>
            </param>
            <param index="1">
              <value>
                <![CDATA[pwd2]]>
              </value>
            </param>
          </params>
          <reporter-output>
          </reporter-output>
        </test-method> <!-- testCase1 -->
        <test-method signature="testCase1(java.lang.String,java.lang.String)[pri:0, instance:com.annotations.Paramet@47542153]" started-at="2021-09-06T14:09:35 IST" name="testCase1" data-provider="getdata1" finished-at="2021-09-06T14:09:35 IST" duration-ms="2" status="PASS">
          <params>
            <param index="0">
              <value>
                <![CDATA[Name3]]>
              </value>
            </param>
            <param index="1">
              <value>
                <![CDATA[pwd3]]>
              </value>
            </param>
          </params>
          <reporter-output>
          </reporter-output>
        </test-method> <!-- testCase1 -->
      </class> <!-- com.annotations.Paramet -->
    </test> <!-- Default test -->
  </suite> <!-- Default suite -->
</testng-results>
